[  2468.783] 
X.Org X Server 1.21.1.3
X Protocol Version 11, Revision 0
[  2468.783] Current Operating System: Linux art 5.18.7-hardened1-1-hardened #1 SMP PREEMPT_DYNAMIC Sun, 26 Jun 2022 21:24:33 +0000 x86_64
[  2468.783] Kernel command line: pti=on page_alloc.shuffle=1 BOOT_IMAGE=/vmlinuz-linux-hardened root=UUID=fc49c253-9565-4abf-a276-3fb1a59c0fce rw console=tty12 loglevel=3 quiet
[  2468.783]  
[  2468.783] Current version of pixman: 0.40.0
[  2468.783] 	Before reporting problems, check http://wiki.x.org
	to make sure that you have the latest version.
[  2468.783] Markers: (--) probed, (**) from config file, (==) default setting,
	(++) from command line, (!!) notice, (II) informational,
	(WW) warning, (EE) error, (NI) not implemented, (??) unknown.
[  2468.784] (==) Log file: "/home/im/.local/share/xorg/Xorg.0.log", Time: Thu Jun 30 12:37:36 2022
[  2468.784] (==) Using config directory: "/etc/X11/xorg.conf.d"
[  2468.784] (==) Using system config directory "/usr/share/X11/xorg.conf.d"
[  2468.784] (==) No Layout section.  Using the first Screen section.
[  2468.784] (==) No screen section available. Using defaults.
[  2468.784] (**) |-->Screen "Default Screen Section" (0)
[  2468.784] (**) |   |-->Monitor "<default monitor>"
[  2468.785] (==) No monitor specified for screen "Default Screen Section".
	Using a default monitor configuration.
[  2468.785] (==) Automatically adding devices
[  2468.785] (==) Automatically enabling devices
[  2468.785] (==) Automatically adding GPU devices
[  2468.785] (==) Automatically binding GPU devices
[  2468.785] (==) Max clients allowed: 256, resource mask: 0x1fffff
[  2468.785] (WW) The directory "/usr/share/fonts/misc" does not exist.
[  2468.785] 	Entry deleted from font path.
[  2468.785] (WW) `fonts.dir' not found (or not valid) in "/usr/share/fonts/TTF".
[  2468.785] 	Entry deleted from font path.
[  2468.785] 	(Run 'mkfontdir' on "/usr/share/fonts/TTF").
[  2468.785] (WW) The directory "/usr/share/fonts/OTF" does not exist.
[  2468.785] 	Entry deleted from font path.
[  2468.785] (WW) The directory "/usr/share/fonts/Type1" does not exist.
[  2468.785] 	Entry deleted from font path.
[  2468.785] (WW) The directory "/usr/share/fonts/100dpi" does not exist.
[  2468.785] 	Entry deleted from font path.
[  2468.785] (WW) The directory "/usr/share/fonts/75dpi" does not exist.
[  2468.785] 	Entry deleted from font path.
[  2468.785] (==) FontPath set to:
	
[  2468.785] (==) ModulePath set to "/usr/lib/xorg/modules"
[  2468.785] (II) The server relies on udev to provide the list of input devices.
	If no devices become available, reconfigure udev or disable AutoAddDevices.
[  2468.785] (II) Module ABI versions:
[  2468.785] 	X.Org ANSI C Emulation: 0.4
[  2468.785] 	X.Org Video Driver: 25.2
[  2468.785] 	X.Org XInput driver : 24.4
[  2468.785] 	X.Org Server Extension : 10.0
[  2468.786] (++) using VT number 1

[  2468.788] (II) systemd-logind: took control of session /org/freedesktop/login1/session/_31
[  2468.789] (II) xfree86: Adding drm device (/dev/dri/card0)
[  2468.789] (II) Platform probe for /sys/devices/pci0000:00/0000:00:02.0/drm/card0
[  2468.790] (II) systemd-logind: got fd for /dev/dri/card0 226:0 fd 13 paused 0
[  2468.795] (--) PCI:*(0@0:2:0) 8086:3ea1:1028:08ca rev 2, Mem @ 0xc0000000/16777216, 0xb0000000/268435456, I/O @ 0x00004000/64, BIOS @ 0x????????/131072
[  2468.795] (WW) Open ACPI failed (/var/run/acpid.socket) (No such file or directory)
[  2468.795] (II) LoadModule: "glx"
[  2468.795] (II) Loading /usr/lib/xorg/modules/extensions/libglx.so
[  2468.797] (II) Module glx: vendor="X.Org Foundation"
[  2468.797] 	compiled for 1.21.1.3, module version = 1.0.0
[  2468.797] 	ABI class: X.Org Server Extension, version 10.0
[  2468.797] (==) Matched intel as autoconfigured driver 0
[  2468.797] (==) Matched modesetting as autoconfigured driver 1
[  2468.797] (==) Matched fbdev as autoconfigured driver 2
[  2468.797] (==) Matched vesa as autoconfigured driver 3
[  2468.797] (==) Assigned the driver to the xf86ConfigLayout
[  2468.797] (II) LoadModule: "intel"
[  2468.798] (WW) Warning, couldn't open module intel
[  2468.798] (EE) Failed to load module "intel" (module does not exist, 0)
[  2468.798] (II) LoadModule: "modesetting"
[  2468.798] (II) Loading /usr/lib/xorg/modules/drivers/modesetting_drv.so
[  2468.798] (II) Module modesetting: vendor="X.Org Foundation"
[  2468.798] 	compiled for 1.21.1.3, module version = 1.21.1
[  2468.798] 	Module class: X.Org Video Driver
[  2468.799] 	ABI class: X.Org Video Driver, version 25.2
[  2468.799] (II) LoadModule: "fbdev"
[  2468.799] (WW) Warning, couldn't open module fbdev
[  2468.799] (EE) Failed to load module "fbdev" (module does not exist, 0)
[  2468.799] (II) LoadModule: "vesa"
[  2468.799] (WW) Warning, couldn't open module vesa
[  2468.799] (EE) Failed to load module "vesa" (module does not exist, 0)
[  2468.799] (II) modesetting: Driver for Modesetting Kernel Drivers: kms
[  2468.799] (II) modeset(0): using drv /dev/dri/card0
[  2468.799] (WW) VGA arbiter: cannot open kernel arbiter, no multi-card support
[  2468.799] (II) modeset(0): Creating default Display subsection in Screen section
	"Default Screen Section" for depth/fbbpp 24/32
[  2468.799] (==) modeset(0): Depth 24, (==) framebuffer bpp 32
[  2468.799] (==) modeset(0): RGB weight 888
[  2468.799] (==) modeset(0): Default visual is TrueColor
[  2468.799] (II) Loading sub module "glamoregl"
[  2468.799] (II) LoadModule: "glamoregl"
[  2468.799] (II) Loading /usr/lib/xorg/modules/libglamoregl.so
[  2468.805] (II) Module glamoregl: vendor="X.Org Foundation"
[  2468.805] 	compiled for 1.21.1.3, module version = 1.0.1
[  2468.805] 	ABI class: X.Org ANSI C Emulation, version 0.4
[  2468.846] (II) modeset(0): glamor X acceleration enabled on Mesa Intel(R) UHD Graphics 610 (WHL GT1)
[  2468.846] (II) modeset(0): glamor initialized
[  2468.846] (==) modeset(0): VariableRefresh: disabled
[  2468.846] (==) modeset(0): AsyncFlipSecondaries: disabled
[  2468.847] (II) modeset(0): Output eDP-1 has no monitor section
[  2468.856] (II) modeset(0): Output HDMI-1 has no monitor section
[  2468.858] (II) modeset(0): EDID for output eDP-1
[  2468.858] (II) modeset(0): Manufacturer: BOE  Model: 808  Serial#: 0
[  2468.858] (II) modeset(0): Year: 2018  Week: 1
[  2468.858] (II) modeset(0): EDID Version: 1.4
[  2468.858] (II) modeset(0): Digital Display Input
[  2468.858] (II) modeset(0): 6 bits per channel
[  2468.858] (II) modeset(0): Digital interface is DisplayPort
[  2468.858] (II) modeset(0): Max Image Size [cm]: horiz.: 34  vert.: 19
[  2468.858] (II) modeset(0): Gamma: 2.20
[  2468.858] (II) modeset(0): No DPMS capabilities specified
[  2468.858] (II) modeset(0): Supported color encodings: RGB 4:4:4 YCrCb 4:4:4 
[  2468.858] (II) modeset(0): First detailed timing is preferred mode
[  2468.858] (II) modeset(0): Preferred mode is native pixel format and refresh rate
[  2468.858] (II) modeset(0): redX: 0.590 redY: 0.350   greenX: 0.329 greenY: 0.555
[  2468.858] (II) modeset(0): blueX: 0.152 blueY: 0.118   whiteX: 0.312 whiteY: 0.328
[  2468.858] (II) modeset(0): Manufacturer's mask: 0
[  2468.858] (II) modeset(0): Supported detailed timing:
[  2468.858] (II) modeset(0): clock: 70.1 MHz   Image Size:  344 x 194 mm
[  2468.858] (II) modeset(0): h_active: 1366  h_sync: 1414  h_sync_end 1446 h_blank_end 1485 h_border: 0
[  2468.858] (II) modeset(0): v_active: 768  v_sync: 771  v_sync_end 777 v_blanking: 787 v_border: 0
[  2468.858] (II) modeset(0): Supported detailed timing:
[  2468.858] (II) modeset(0): clock: 60.5 MHz   Image Size:  344 x 194 mm
[  2468.858] (II) modeset(0): h_active: 1366  h_sync: 1414  h_sync_end 1446 h_blank_end 1551 h_border: 0
[  2468.858] (II) modeset(0): v_active: 768  v_sync: 771  v_sync_end 777 v_blanking: 813 v_border: 0
[  2468.858] (II) modeset(0):  9CV35€NT15N42
[  2468.858] (II) modeset(0): Unknown vendor-specific block 0
[  2468.858] (II) modeset(0): EDID (in hex):
[  2468.858] (II) modeset(0): 	00ffffffffffff0009e5080800000000
[  2468.858] (II) modeset(0): 	011c0104952213780a24109759548e27
[  2468.858] (II) modeset(0): 	1e505400000001010101010101010101
[  2468.858] (II) modeset(0): 	010101010101641b5677500013303020
[  2468.858] (II) modeset(0): 	360058c21000001aa21756b950002d30
[  2468.858] (II) modeset(0): 	3020360058c21000001a000000fe0039
[  2468.858] (II) modeset(0): 	43563335804e5431354e343200000000
[  2468.858] (II) modeset(0): 	00004101940010000009010a20200005
[  2468.858] (II) modeset(0): Printing probed modes for output eDP-1
[  2468.858] (II) modeset(0): Modeline "1366x768"x60.0   70.12  1366 1414 1446 1485  768 771 777 787 +hsync -vsync (47.2 kHz eP)
[  2468.858] (II) modeset(0): Modeline "1280x720"x120.0  156.12  1280 1376 1512 1744  720 721 724 746 doublescan -hsync +vsync (89.5 kHz d)
[  2468.858] (II) modeset(0): Modeline "1280x720"x120.0  120.75  1280 1304 1320 1360  720 721 724 740 doublescan +hsync -vsync (88.8 kHz d)
[  2468.858] (II) modeset(0): Modeline "1280x720"x59.9   74.50  1280 1344 1472 1664  720 723 728 748 -hsync +vsync (44.8 kHz d)
[  2468.858] (II) modeset(0): Modeline "1280x720"x59.7   63.75  1280 1328 1360 1440  720 723 728 741 +hsync -vsync (44.3 kHz d)
[  2468.858] (II) modeset(0): Modeline "1024x768"x120.1  133.47  1024 1100 1212 1400  768 768 770 794 doublescan -hsync +vsync (95.3 kHz d)
[  2468.858] (II) modeset(0): Modeline "1024x768"x60.0   65.00  1024 1048 1184 1344  768 771 777 806 -hsync -vsync (48.4 kHz d)
[  2468.858] (II) modeset(0): Modeline "960x720"x120.0  117.00  960 1024 1128 1300  720 720 722 750 doublescan -hsync +vsync (90.0 kHz d)
[  2468.858] (II) modeset(0): Modeline "928x696"x120.1  109.15  928 976 1088 1264  696 696 698 719 doublescan -hsync +vsync (86.4 kHz d)
[  2468.858] (II) modeset(0): Modeline "896x672"x120.0  102.40  896 960 1060 1224  672 672 674 697 doublescan -hsync +vsync (83.7 kHz d)
[  2468.858] (II) modeset(0): Modeline "1024x576"x119.9   98.50  1024 1092 1200 1376  576 577 580 597 doublescan -hsync +vsync (71.6 kHz d)
[  2468.858] (II) modeset(0): Modeline "1024x576"x119.9   78.38  1024 1048 1064 1104  576 577 580 592 doublescan +hsync -vsync (71.0 kHz d)
[  2468.858] (II) modeset(0): Modeline "1024x576"x59.9   46.50  1024 1064 1160 1296  576 579 584 599 -hsync +vsync (35.9 kHz d)
[  2468.858] (II) modeset(0): Modeline "1024x576"x59.8   42.00  1024 1072 1104 1184  576 579 584 593 +hsync -vsync (35.5 kHz d)
[  2468.858] (II) modeset(0): Modeline "960x600"x119.9   96.62  960 1028 1128 1296  600 601 604 622 doublescan -hsync +vsync (74.6 kHz d)
[  2468.858] (II) modeset(0): Modeline "960x600"x120.0   77.00  960 984 1000 1040  600 601 604 617 doublescan +hsync -vsync (74.0 kHz d)
[  2468.858] (II) modeset(0): Modeline "960x540"x119.9   86.50  960 1024 1124 1288  540 541 544 560 doublescan -hsync +vsync (67.2 kHz d)
[  2468.858] (II) modeset(0): Modeline "960x540"x120.0   69.25  960 984 1000 1040  540 541 544 555 doublescan +hsync -vsync (66.6 kHz d)
[  2468.858] (II) modeset(0): Modeline "960x540"x59.6   40.75  960 992 1088 1216  540 543 548 562 -hsync +vsync (33.5 kHz d)
[  2468.858] (II) modeset(0): Modeline "960x540"x59.8   37.25  960 1008 1040 1120  540 543 548 556 +hsync -vsync (33.3 kHz d)
[  2468.858] (II) modeset(0): Modeline "800x600"x120.0   81.00  800 832 928 1080  600 600 602 625 doublescan +hsync +vsync (75.0 kHz d)
[  2468.858] (II) modeset(0): Modeline "800x600"x60.3   40.00  800 840 968 1056  600 601 605 628 +hsync +vsync (37.9 kHz d)
[  2468.858] (II) modeset(0): Modeline "800x600"x56.2   36.00  800 824 896 1024  600 601 603 625 +hsync +vsync (35.2 kHz d)
[  2468.858] (II) modeset(0): Modeline "840x525"x120.0   73.12  840 892 980 1120  525 526 529 544 doublescan -hsync +vsync (65.3 kHz d)
[  2468.858] (II) modeset(0): Modeline "840x525"x119.8   59.50  840 864 880 920  525 526 529 540 doublescan +hsync -vsync (64.7 kHz d)
[  2468.858] (II) modeset(0): Modeline "864x486"x59.9   32.50  864 888 968 1072  486 489 494 506 -hsync +vsync (30.3 kHz d)
[  2468.858] (II) modeset(0): Modeline "864x486"x59.6   30.50  864 912 944 1024  486 489 494 500 +hsync -vsync (29.8 kHz d)
[  2468.858] (II) modeset(0): Modeline "700x525"x120.0   61.00  700 744 820 940  525 526 532 541 doublescan +hsync +vsync (64.9 kHz d)
[  2468.858] (II) modeset(0): Modeline "800x450"x119.9   59.12  800 848 928 1056  450 451 454 467 doublescan -hsync +vsync (56.0 kHz d)
[  2468.858] (II) modeset(0): Modeline "800x450"x119.6   48.75  800 824 840 880  450 451 454 463 doublescan +hsync -vsync (55.4 kHz d)
[  2468.858] (II) modeset(0): Modeline "640x512"x120.0   54.00  640 664 720 844  512 512 514 533 doublescan +hsync +vsync (64.0 kHz d)
[  2468.858] (II) modeset(0): Modeline "700x450"x119.9   51.75  700 740 812 924  450 451 456 467 doublescan -hsync +vsync (56.0 kHz d)
[  2468.858] (II) modeset(0): Modeline "700x450"x119.8   43.25  700 724 740 780  450 451 456 463 doublescan +hsync -vsync (55.4 kHz d)
[  2468.858] (II) modeset(0): Modeline "640x480"x120.0   54.00  640 688 744 900  480 480 482 500 doublescan +hsync +vsync (60.0 kHz d)
[  2468.858] (II) modeset(0): Modeline "640x480"x59.9   25.18  640 656 752 800  480 490 492 525 -hsync -vsync (31.5 kHz d)
[  2468.858] (II) modeset(0): Modeline "720x405"x59.5   22.50  720 744 808 896  405 408 413 422 -hsync +vsync (25.1 kHz d)
[  2468.858] (II) modeset(0): Modeline "720x405"x59.0   21.75  720 768 800 880  405 408 413 419 +hsync -vsync (24.7 kHz d)
[  2468.858] (II) modeset(0): Modeline "684x384"x119.8   42.62  684 720 788 892  384 385 390 399 doublescan -hsync +vsync (47.8 kHz d)
[  2468.858] (II) modeset(0): Modeline "684x384"x119.7   36.12  684 708 724 764  384 385 390 395 doublescan +hsync -vsync (47.3 kHz d)
[  2468.858] (II) modeset(0): Modeline "640x400"x119.8   41.75  640 676 740 840  400 401 404 415 doublescan -hsync +vsync (49.7 kHz d)
[  2468.858] (II) modeset(0): Modeline "640x400"x120.0   35.50  640 664 680 720  400 401 404 411 doublescan +hsync -vsync (49.3 kHz d)
[  2468.858] (II) modeset(0): Modeline "640x360"x119.7   37.25  640 672 736 832  360 361 364 374 doublescan -hsync +vsync (44.8 kHz d)
[  2468.858] (II) modeset(0): Modeline "640x360"x119.7   31.88  640 664 680 720  360 361 364 370 doublescan +hsync -vsync (44.3 kHz d)
[  2468.858] (II) modeset(0): Modeline "640x360"x59.8   18.00  640 664 720 800  360 363 368 376 -hsync +vsync (22.5 kHz d)
[  2468.858] (II) modeset(0): Modeline "640x360"x59.3   17.75  640 688 720 800  360 363 368 374 +hsync -vsync (22.2 kHz d)
[  2468.858] (II) modeset(0): Modeline "512x384"x120.0   32.50  512 524 592 672  384 385 388 403 doublescan -hsync -vsync (48.4 kHz d)
[  2468.858] (II) modeset(0): Modeline "512x288"x120.0   23.25  512 532 580 648  288 289 292 299 doublescan -hsync +vsync (35.9 kHz d)
[  2468.858] (II) modeset(0): Modeline "512x288"x119.8   21.00  512 536 552 592  288 289 292 296 doublescan +hsync -vsync (35.5 kHz d)
[  2468.858] (II) modeset(0): Modeline "480x270"x119.3   20.38  480 496 544 608  270 271 274 281 doublescan -hsync +vsync (33.5 kHz d)
[  2468.858] (II) modeset(0): Modeline "480x270"x119.6   18.62  480 504 520 560  270 271 274 278 doublescan +hsync -vsync (33.3 kHz d)
[  2468.858] (II) modeset(0): Modeline "400x300"x120.6   20.00  400 420 484 528  300 300 302 314 doublescan +hsync +vsync (37.9 kHz d)
[  2468.858] (II) modeset(0): Modeline "400x300"x112.7   18.00  400 412 448 512  300 300 301 312 doublescan +hsync +vsync (35.2 kHz d)
[  2468.858] (II) modeset(0): Modeline "432x243"x119.8   16.25  432 444 484 536  243 244 247 253 doublescan -hsync +vsync (30.3 kHz d)
[  2468.858] (II) modeset(0): Modeline "432x243"x119.1   15.25  432 456 472 512  243 244 247 250 doublescan +hsync -vsync (29.8 kHz d)
[  2468.858] (II) modeset(0): Modeline "320x240"x120.1   12.59  320 328 376 400  240 245 246 262 doublescan -hsync -vsync (31.5 kHz d)
[  2468.858] (II) modeset(0): Modeline "360x202"x119.0   11.25  360 372 404 448  202 204 206 211 doublescan -hsync +vsync (25.1 kHz d)
[  2468.858] (II) modeset(0): Modeline "360x202"x118.3   10.88  360 384 400 440  202 204 206 209 doublescan +hsync -vsync (24.7 kHz d)
[  2468.858] (II) modeset(0): Modeline "320x180"x119.7    9.00  320 332 360 400  180 181 184 188 doublescan -hsync +vsync (22.5 kHz d)
[  2468.859] (II) modeset(0): Modeline "320x180"x118.6    8.88  320 344 360 400  180 181 184 187 doublescan +hsync -vsync (22.2 kHz d)
[  2468.867] (II) modeset(0): EDID for output HDMI-1
[  2468.867] (II) modeset(0): Output eDP-1 connected
[  2468.867] (II) modeset(0): Output HDMI-1 disconnected
[  2468.867] (II) modeset(0): Using exact sizes for initial modes
[  2468.867] (II) modeset(0): Output eDP-1 using initial mode 1366x768 +0+0
[  2468.867] (==) modeset(0): Using gamma correction (1.0, 1.0, 1.0)
[  2468.867] (==) modeset(0): DPI set to (96, 96)
[  2468.867] (II) Loading sub module "fb"
[  2468.867] (II) LoadModule: "fb"
[  2468.867] (II) Module "fb" already built-in
[  2468.880] (==) modeset(0): Backing store enabled
[  2468.880] (==) modeset(0): Silken mouse enabled
[  2468.957] (II) modeset(0): Initializing kms color map for depth 24, 8 bpc.
[  2468.958] (==) modeset(0): DPMS enabled
[  2468.958] (II) modeset(0): [DRI2] Setup complete
[  2468.958] (II) modeset(0): [DRI2]   DRI driver: iris
[  2468.958] (II) modeset(0): [DRI2]   VDPAU driver: va_gl
[  2468.958] (II) Initializing extension Generic Event Extension
[  2468.958] (II) Initializing extension SHAPE
[  2468.959] (II) Initializing extension MIT-SHM
[  2468.959] (II) Initializing extension XInputExtension
[  2468.960] (II) Initializing extension XTEST
[  2468.960] (II) Initializing extension BIG-REQUESTS
[  2468.960] (II) Initializing extension SYNC
[  2468.961] (II) Initializing extension XKEYBOARD
[  2468.961] (II) Initializing extension XC-MISC
[  2468.961] (II) Initializing extension SECURITY
[  2468.962] (II) Initializing extension XFIXES
[  2468.962] (II) Initializing extension RENDER
[  2468.962] (II) Initializing extension RANDR
[  2468.963] (II) Initializing extension COMPOSITE
[  2468.963] (II) Initializing extension DAMAGE
[  2468.964] (II) Initializing extension MIT-SCREEN-SAVER
[  2468.964] (II) Initializing extension DOUBLE-BUFFER
[  2468.964] (II) Initializing extension RECORD
[  2468.965] (II) Initializing extension DPMS
[  2468.965] (II) Initializing extension Present
[  2468.965] (II) Initializing extension DRI3
[  2468.966] (II) Initializing extension X-Resource
[  2468.966] (II) Initializing extension XVideo
[  2468.966] (II) Initializing extension XVideo-MotionCompensation
[  2468.967] (II) Initializing extension GLX
[  2468.985] (II) AIGLX: Loaded and initialized iris
[  2468.985] (II) GLX: Initialized DRI2 GL provider for screen 0
[  2468.985] (II) Initializing extension XFree86-VidModeExtension
[  2468.986] (II) Initializing extension XFree86-DGA
[  2468.986] (II) Initializing extension XFree86-DRI
[  2468.986] (II) Initializing extension DRI2
[  2468.988] (II) modeset(0): Damage tracking initialized
[  2468.988] (II) modeset(0): Setting screen physical size to 361 x 203
[  2469.049] (II) config/udev: Adding input device Power Button (/dev/input/event3)
[  2469.049] (**) Power Button: Applying InputClass "libinput keyboard catchall"
[  2469.049] (II) LoadModule: "libinput"
[  2469.049] (II) Loading /usr/lib/xorg/modules/input/libinput_drv.so
[  2469.051] (II) Module libinput: vendor="X.Org Foundation"
[  2469.051] 	compiled for 1.21.1.3, module version = 1.2.1
[  2469.051] 	Module class: X.Org XInput Driver
[  2469.051] 	ABI class: X.Org XInput driver, version 24.4
[  2469.051] (II) Using input driver 'libinput' for 'Power Button'
[  2469.051] (II) systemd-logind: got fd for /dev/input/event3 13:67 fd 29 paused 0
[  2469.052] (**) Power Button: always reports core events
[  2469.052] (**) Option "Device" "/dev/input/event3"
[  2469.054] (II) event3  - Power Button: is tagged by udev as: Keyboard
[  2469.054] (II) event3  - Power Button: device is a keyboard
[  2469.054] (II) event3  - Power Button: device removed
[  2469.054] (**) Option "config_info" "udev:/sys/devices/LNXSYSTM:00/LNXPWRBN:00/input/input3/event3"
[  2469.054] (II) XINPUT: Adding extended input device "Power Button" (type: KEYBOARD, id 6)
[  2469.055] (II) event3  - Power Button: is tagged by udev as: Keyboard
[  2469.055] (II) event3  - Power Button: device is a keyboard
[  2469.055] (II) config/udev: Adding input device Video Bus (/dev/input/event11)
[  2469.055] (**) Video Bus: Applying InputClass "libinput keyboard catchall"
[  2469.055] (II) Using input driver 'libinput' for 'Video Bus'
[  2469.056] (II) systemd-logind: got fd for /dev/input/event11 13:75 fd 32 paused 0
[  2469.056] (**) Video Bus: always reports core events
[  2469.056] (**) Option "Device" "/dev/input/event11"
[  2469.058] (II) event11 - Video Bus: is tagged by udev as: Keyboard
[  2469.058] (II) event11 - Video Bus: device is a keyboard
[  2469.058] (II) event11 - Video Bus: device removed
[  2469.058] (**) Option "config_info" "udev:/sys/devices/LNXSYSTM:00/LNXSYBUS:00/PNP0A08:00/LNXVIDEO:00/input/input14/event11"
[  2469.058] (II) XINPUT: Adding extended input device "Video Bus" (type: KEYBOARD, id 7)
[  2469.059] (II) event11 - Video Bus: is tagged by udev as: Keyboard
[  2469.059] (II) event11 - Video Bus: device is a keyboard
[  2469.059] (II) config/udev: Adding input device Power Button (/dev/input/event1)
[  2469.059] (**) Power Button: Applying InputClass "libinput keyboard catchall"
[  2469.059] (II) Using input driver 'libinput' for 'Power Button'
[  2469.060] (II) systemd-logind: got fd for /dev/input/event1 13:65 fd 33 paused 0
[  2469.060] (**) Power Button: always reports core events
[  2469.060] (**) Option "Device" "/dev/input/event1"
[  2469.061] (II) event1  - Power Button: is tagged by udev as: Keyboard
[  2469.061] (II) event1  - Power Button: device is a keyboard
[  2469.061] (II) event1  - Power Button: device removed
[  2469.061] (**) Option "config_info" "udev:/sys/devices/LNXSYSTM:00/LNXSYBUS:00/PNP0C0C:00/input/input1/event1"
[  2469.061] (II) XINPUT: Adding extended input device "Power Button" (type: KEYBOARD, id 8)
[  2469.062] (II) event1  - Power Button: is tagged by udev as: Keyboard
[  2469.062] (II) event1  - Power Button: device is a keyboard
[  2469.063] (II) config/udev: Adding input device Lid Switch (/dev/input/event0)
[  2469.063] (II) No input driver specified, ignoring this device.
[  2469.063] (II) This device may have been added with another device file.
[  2469.063] (II) config/udev: Adding input device Sleep Button (/dev/input/event2)
[  2469.063] (**) Sleep Button: Applying InputClass "libinput keyboard catchall"
[  2469.063] (II) Using input driver 'libinput' for 'Sleep Button'
[  2469.064] (II) systemd-logind: got fd for /dev/input/event2 13:66 fd 34 paused 0
[  2469.064] (**) Sleep Button: always reports core events
[  2469.064] (**) Option "Device" "/dev/input/event2"
[  2469.065] (II) event2  - Sleep Button: is tagged by udev as: Keyboard
[  2469.065] (II) event2  - Sleep Button: device is a keyboard
[  2469.065] (II) event2  - Sleep Button: device removed
[  2469.065] (**) Option "config_info" "udev:/sys/devices/LNXSYSTM:00/LNXSYBUS:00/PNP0C0E:00/input/input2/event2"
[  2469.065] (II) XINPUT: Adding extended input device "Sleep Button" (type: KEYBOARD, id 9)
[  2469.066] (II) event2  - Sleep Button: is tagged by udev as: Keyboard
[  2469.066] (II) event2  - Sleep Button: device is a keyboard
[  2469.068] (II) config/udev: Adding input device Integrated_Webcam_HD: Integrate (/dev/input/event10)
[  2469.068] (**) Integrated_Webcam_HD: Integrate: Applying InputClass "libinput keyboard catchall"
[  2469.068] (II) Using input driver 'libinput' for 'Integrated_Webcam_HD: Integrate'
[  2469.068] (II) systemd-logind: got fd for /dev/input/event10 13:74 fd 35 paused 0
[  2469.068] (**) Integrated_Webcam_HD: Integrate: always reports core events
[  2469.068] (**) Option "Device" "/dev/input/event10"
[  2469.070] (II) event10 - Integrated_Webcam_HD: Integrate: is tagged by udev as: Keyboard
[  2469.070] (II) event10 - Integrated_Webcam_HD: Integrate: device is a keyboard
[  2469.070] (II) event10 - Integrated_Webcam_HD: Integrate: device removed
[  2469.070] (**) Option "config_info" "udev:/sys/devices/pci0000:00/0000:00:14.0/usb1/1-6/1-6:1.0/input/input13/event10"
[  2469.070] (II) XINPUT: Adding extended input device "Integrated_Webcam_HD: Integrate" (type: KEYBOARD, id 10)
[  2469.071] (II) event10 - Integrated_Webcam_HD: Integrate: is tagged by udev as: Keyboard
[  2469.071] (II) event10 - Integrated_Webcam_HD: Integrate: device is a keyboard
[  2469.072] (II) config/udev: Adding input device DELL08CA:00 04F3:30C4 Mouse (/dev/input/event7)
[  2469.072] (**) DELL08CA:00 04F3:30C4 Mouse: Applying InputClass "libinput pointer catchall"
[  2469.072] (II) Using input driver 'libinput' for 'DELL08CA:00 04F3:30C4 Mouse'
[  2469.073] (II) systemd-logind: got fd for /dev/input/event7 13:71 fd 36 paused 0
[  2469.073] (**) DELL08CA:00 04F3:30C4 Mouse: always reports core events
[  2469.073] (**) Option "Device" "/dev/input/event7"
[  2469.074] (II) event7  - DELL08CA:00 04F3:30C4 Mouse: is tagged by udev as: Mouse Pointingstick
[  2469.075] (II) event7  - DELL08CA:00 04F3:30C4 Mouse: device is a pointer
[  2469.075] (II) event7  - DELL08CA:00 04F3:30C4 Mouse: device removed
[  2469.075] (**) Option "config_info" "udev:/sys/devices/pci0000:00/0000:00:15.0/i2c_designware.0/i2c-0/i2c-DELL08CA:00/0018:04F3:30C4.0001/input/input16/event7"
[  2469.075] (II) XINPUT: Adding extended input device "DELL08CA:00 04F3:30C4 Mouse" (type: MOUSE, id 11)
[  2469.075] (**) Option "AccelerationScheme" "none"
[  2469.075] (**) DELL08CA:00 04F3:30C4 Mouse: (accel) selected scheme none/0
[  2469.075] (**) DELL08CA:00 04F3:30C4 Mouse: (accel) acceleration factor: 2.000
[  2469.075] (**) DELL08CA:00 04F3:30C4 Mouse: (accel) acceleration threshold: 4
[  2469.077] (II) event7  - DELL08CA:00 04F3:30C4 Mouse: is tagged by udev as: Mouse Pointingstick
[  2469.077] (II) event7  - DELL08CA:00 04F3:30C4 Mouse: device is a pointer
[  2469.078] (II) config/udev: Adding input device DELL08CA:00 04F3:30C4 Mouse (/dev/input/mouse0)
[  2469.078] (II) No input driver specified, ignoring this device.
[  2469.078] (II) This device may have been added with another device file.
[  2469.079] (II) config/udev: Adding input device DELL08CA:00 04F3:30C4 Touchpad (/dev/input/event8)
[  2469.079] (**) DELL08CA:00 04F3:30C4 Touchpad: Applying InputClass "libinput touchpad catchall"
[  2469.079] (**) DELL08CA:00 04F3:30C4 Touchpad: Applying InputClass "touchpad"
[  2469.079] (II) Using input driver 'libinput' for 'DELL08CA:00 04F3:30C4 Touchpad'
[  2469.080] (II) systemd-logind: got fd for /dev/input/event8 13:72 fd 37 paused 0
[  2469.080] (**) DELL08CA:00 04F3:30C4 Touchpad: always reports core events
[  2469.080] (**) Option "Device" "/dev/input/event8"
[  2469.081] (II) event8  - DELL08CA:00 04F3:30C4 Touchpad: is tagged by udev as: Touchpad
[  2469.083] (II) event8  - DELL08CA:00 04F3:30C4 Touchpad: device is a touchpad
[  2469.083] (II) event8  - DELL08CA:00 04F3:30C4 Touchpad: device removed
[  2469.083] (**) Option "Tapping" "on"
[  2469.083] (**) Option "TappingButtonMap" "lmr"
[  2469.083] (**) Option "config_info" "udev:/sys/devices/pci0000:00/0000:00:15.0/i2c_designware.0/i2c-0/i2c-DELL08CA:00/0018:04F3:30C4.0001/input/input17/event8"
[  2469.083] (II) XINPUT: Adding extended input device "DELL08CA:00 04F3:30C4 Touchpad" (type: TOUCHPAD, id 12)
[  2469.085] (**) Option "AccelerationScheme" "none"
[  2469.085] (**) DELL08CA:00 04F3:30C4 Touchpad: (accel) selected scheme none/0
[  2469.085] (**) DELL08CA:00 04F3:30C4 Touchpad: (accel) acceleration factor: 2.000
[  2469.085] (**) DELL08CA:00 04F3:30C4 Touchpad: (accel) acceleration threshold: 4
[  2469.086] (II) event8  - DELL08CA:00 04F3:30C4 Touchpad: is tagged by udev as: Touchpad
[  2469.088] (II) event8  - DELL08CA:00 04F3:30C4 Touchpad: device is a touchpad
[  2469.089] (II) config/udev: Adding input device DELL08CA:00 04F3:30C4 Touchpad (/dev/input/mouse1)
[  2469.089] (**) DELL08CA:00 04F3:30C4 Touchpad: Applying InputClass "touchpad"
[  2469.089] (II) Using input driver 'libinput' for 'DELL08CA:00 04F3:30C4 Touchpad'
[  2469.089] (**) DELL08CA:00 04F3:30C4 Touchpad: always reports core events
[  2469.089] (**) Option "Device" "/dev/input/mouse1"
[  2469.089] (EE) xf86OpenSerial: Cannot open device /dev/input/mouse1
	Permission denied.
[  2469.089] (II) mouse1: opening input device '/dev/input/mouse1' failed (Permission denied).
[  2469.089] (II) mouse1  - failed to create input device '/dev/input/mouse1'.
[  2469.089] (EE) libinput: DELL08CA:00 04F3:30C4 Touchpad: Failed to create a device for /dev/input/mouse1
[  2469.089] (EE) PreInit returned 2 for "DELL08CA:00 04F3:30C4 Touchpad"
[  2469.089] (II) UnloadModule: "libinput"
[  2469.089] (II) config/udev: Adding input device HDA Intel PCH Headphone Mic (/dev/input/event13)
[  2469.090] (II) No input driver specified, ignoring this device.
[  2469.090] (II) This device may have been added with another device file.
[  2469.090] (II) config/udev: Adding input device HDA Intel PCH HDMI/DP,pcm=3 (/dev/input/event14)
[  2469.090] (II) No input driver specified, ignoring this device.
[  2469.090] (II) This device may have been added with another device file.
[  2469.090] (II) config/udev: Adding input device HDA Intel PCH HDMI/DP,pcm=7 (/dev/input/event15)
[  2469.090] (II) No input driver specified, ignoring this device.
[  2469.090] (II) This device may have been added with another device file.
[  2469.091] (II) config/udev: Adding input device HDA Intel PCH HDMI/DP,pcm=8 (/dev/input/event16)
[  2469.091] (II) No input driver specified, ignoring this device.
[  2469.091] (II) This device may have been added with another device file.
[  2469.091] (II) config/udev: Adding input device HDA Intel PCH HDMI/DP,pcm=9 (/dev/input/event17)
[  2469.091] (II) No input driver specified, ignoring this device.
[  2469.091] (II) This device may have been added with another device file.
[  2469.092] (II) config/udev: Adding input device HDA Intel PCH HDMI/DP,pcm=10 (/dev/input/event18)
[  2469.092] (II) No input driver specified, ignoring this device.
[  2469.092] (II) This device may have been added with another device file.
[  2469.092] (II) config/udev: Adding input device Intel HID events (/dev/input/event5)
[  2469.092] (**) Intel HID events: Applying InputClass "libinput keyboard catchall"
[  2469.092] (II) Using input driver 'libinput' for 'Intel HID events'
[  2469.093] (II) systemd-logind: got fd for /dev/input/event5 13:69 fd 38 paused 0
[  2469.093] (**) Intel HID events: always reports core events
[  2469.093] (**) Option "Device" "/dev/input/event5"
[  2469.093] (II) event5  - Intel HID events: is tagged by udev as: Keyboard
[  2469.094] (II) event5  - Intel HID events: device is a keyboard
[  2469.094] (II) event5  - Intel HID events: device removed
[  2469.094] (**) Option "config_info" "udev:/sys/devices/platform/INT33D5:00/input/input6/event5"
[  2469.094] (II) XINPUT: Adding extended input device "Intel HID events" (type: KEYBOARD, id 13)
[  2469.095] (II) event5  - Intel HID events: is tagged by udev as: Keyboard
[  2469.095] (II) event5  - Intel HID events: device is a keyboard
[  2469.095] (II) config/udev: Adding input device Intel HID 5 button array (/dev/input/event6)
[  2469.095] (**) Intel HID 5 button array: Applying InputClass "libinput keyboard catchall"
[  2469.095] (II) Using input driver 'libinput' for 'Intel HID 5 button array'
[  2469.096] (II) systemd-logind: got fd for /dev/input/event6 13:70 fd 39 paused 0
[  2469.096] (**) Intel HID 5 button array: always reports core events
[  2469.096] (**) Option "Device" "/dev/input/event6"
[  2469.097] (II) event6  - Intel HID 5 button array: is tagged by udev as: Keyboard
[  2469.097] (II) event6  - Intel HID 5 button array: device is a keyboard
[  2469.097] (II) event6  - Intel HID 5 button array: device removed
[  2469.097] (**) Option "config_info" "udev:/sys/devices/platform/INT33D5:00/input/input7/event6"
[  2469.097] (II) XINPUT: Adding extended input device "Intel HID 5 button array" (type: KEYBOARD, id 14)
[  2469.098] (II) event6  - Intel HID 5 button array: is tagged by udev as: Keyboard
[  2469.098] (II) event6  - Intel HID 5 button array: device is a keyboard
[  2469.099] (II) config/udev: Adding input device Dell WMI hotkeys (/dev/input/event12)
[  2469.099] (**) Dell WMI hotkeys: Applying InputClass "libinput keyboard catchall"
[  2469.099] (II) Using input driver 'libinput' for 'Dell WMI hotkeys'
[  2469.100] (II) systemd-logind: got fd for /dev/input/event12 13:76 fd 40 paused 0
[  2469.100] (**) Dell WMI hotkeys: always reports core events
[  2469.100] (**) Option "Device" "/dev/input/event12"
[  2469.101] (II) event12 - Dell WMI hotkeys: is tagged by udev as: Keyboard
[  2469.101] (II) event12 - Dell WMI hotkeys: device is a keyboard
[  2469.101] (II) event12 - Dell WMI hotkeys: device removed
[  2469.101] (**) Option "config_info" "udev:/sys/devices/platform/PNP0C14:02/wmi_bus/wmi_bus-PNP0C14:02/9DBB5994-A997-11DA-B012-B622A1EF5492/input/input15/event12"
[  2469.101] (II) XINPUT: Adding extended input device "Dell WMI hotkeys" (type: KEYBOARD, id 15)
[  2469.103] (II) event12 - Dell WMI hotkeys: is tagged by udev as: Keyboard
[  2469.103] (II) event12 - Dell WMI hotkeys: device is a keyboard
[  2469.104] (II) config/udev: Adding input device AT Translated Set 2 keyboard (/dev/input/event4)
[  2469.104] (**) AT Translated Set 2 keyboard: Applying InputClass "libinput keyboard catchall"
[  2469.104] (II) Using input driver 'libinput' for 'AT Translated Set 2 keyboard'
[  2469.104] (II) systemd-logind: got fd for /dev/input/event4 13:68 fd 41 paused 0
[  2469.105] (**) AT Translated Set 2 keyboard: always reports core events
[  2469.105] (**) Option "Device" "/dev/input/event4"
[  2469.106] (II) event4  - AT Translated Set 2 keyboard: is tagged by udev as: Keyboard
[  2469.106] (II) event4  - AT Translated Set 2 keyboard: device is a keyboard
[  2469.107] (II) event4  - AT Translated Set 2 keyboard: device removed
[  2469.107] (**) Option "config_info" "udev:/sys/devices/platform/i8042/serio0/input/input4/event4"
[  2469.107] (II) XINPUT: Adding extended input device "AT Translated Set 2 keyboard" (type: KEYBOARD, id 16)
[  2469.108] (II) event4  - AT Translated Set 2 keyboard: is tagged by udev as: Keyboard
[  2469.108] (II) event4  - AT Translated Set 2 keyboard: device is a keyboard
[  2469.110] (II) config/udev: Adding input device ImPS/2 Logitech Wheel Mouse (/dev/input/event19)
[  2469.110] (**) ImPS/2 Logitech Wheel Mouse: Applying InputClass "libinput pointer catchall"
[  2469.110] (II) Using input driver 'libinput' for 'ImPS/2 Logitech Wheel Mouse'
[  2469.110] (II) systemd-logind: got fd for /dev/input/event19 13:83 fd 42 paused 0
[  2469.110] (**) ImPS/2 Logitech Wheel Mouse: always reports core events
[  2469.110] (**) Option "Device" "/dev/input/event19"
[  2469.111] (II) event19 - ImPS/2 Logitech Wheel Mouse: is tagged by udev as: Mouse
[  2469.111] (II) event19 - ImPS/2 Logitech Wheel Mouse: device set to 400 DPI
[  2469.112] (II) event19 - ImPS/2 Logitech Wheel Mouse: device is a pointer
[  2469.112] (II) event19 - ImPS/2 Logitech Wheel Mouse: device removed
[  2469.112] (**) Option "config_info" "udev:/sys/devices/platform/i8042/serio1/input/input12/event19"
[  2469.112] (II) XINPUT: Adding extended input device "ImPS/2 Logitech Wheel Mouse" (type: MOUSE, id 17)
[  2469.112] (**) Option "AccelerationScheme" "none"
[  2469.112] (**) ImPS/2 Logitech Wheel Mouse: (accel) selected scheme none/0
[  2469.112] (**) ImPS/2 Logitech Wheel Mouse: (accel) acceleration factor: 2.000
[  2469.112] (**) ImPS/2 Logitech Wheel Mouse: (accel) acceleration threshold: 4
[  2469.113] (II) event19 - ImPS/2 Logitech Wheel Mouse: is tagged by udev as: Mouse
[  2469.113] (II) event19 - ImPS/2 Logitech Wheel Mouse: device set to 400 DPI
[  2469.113] (II) event19 - ImPS/2 Logitech Wheel Mouse: device is a pointer
[  2469.114] (II) config/udev: Adding input device ImPS/2 Logitech Wheel Mouse (/dev/input/mouse2)
[  2469.114] (II) No input driver specified, ignoring this device.
[  2469.114] (II) This device may have been added with another device file.
[  2469.114] (II) config/udev: Adding input device PC Speaker (/dev/input/event9)
[  2469.114] (II) No input driver specified, ignoring this device.
[  2469.114] (II) This device may have been added with another device file.
